2021/05/01 19:56:37 [notice] 1#1: using the "epoll" event method
2021/05/01 19:56:37 [notice] 1#1: nginx/1.20.0
2021/05/01 19:56:37 [notice] 1#1: built by gcc 10.2.1 20201203 (Alpine 10.2.1_pre1) 
2021/05/01 19:56:37 [notice] 1#1: OS: Linux 5.8.0-50-generic
2021/05/01 19:56:37 [notice] 1#1: getrlimit(RLIMIT_NOFILE): 1048576:1048576
2021/05/01 19:56:37 [notice] 1#1: start worker processes
2021/05/01 19:56:37 [notice] 1#1: start worker process 22
2021/05/01 19:56:37 [notice] 1#1: start worker process 23
2021/05/01 19:56:37 [notice] 1#1: start worker process 24
2021/05/01 19:56:37 [notice] 1#1: start worker process 25
2021/05/01 19:56:37 [notice] 1#1: start worker process 26
2021/05/01 19:56:37 [notice] 1#1: start worker process 27
2021/05/01 19:56:37 [notice] 1#1: start worker process 28
2021/05/01 19:56:37 [notice] 1#1: start worker process 29
2021/05/01 19:57:01 [error] 23#23: *1 "/var/www/hello/index.php" is not found (2: No such file or directory), client: 172.18.0.1, server: hello.loc, request: "GET / HTTP/1.1", host: "127.0.0.1:8080"
2021/05/01 19:57:01 [error] 23#23: *1 open() "/var/www/hello/favicon.ico" failed (2: No such file or directory), client: 172.18.0.1, server: hello.loc, request: "GET /favicon.ico HTTP/1.1", host: "127.0.0.1:8080", referrer: "http://127.0.0.1:8080/"
2021/05/01 19:57:13 [error] 23#23: *2 "/var/www/hello/index.php" is not found (2: No such file or directory), client: 172.18.0.1, server: hello.loc, request: "GET / HTTP/1.1", host: "localhost:8080"
2021/05/01 19:57:13 [error] 23#23: *2 open() "/var/www/hello/favicon.ico" failed (2: No such file or directory), client: 172.18.0.1, server: hello.loc, request: "GET /favicon.ico HTTP/1.1", host: "localhost:8080", referrer: "http://localhost:8080/"
2021/05/01 19:57:31 [notice] 1#1: signal 3 (SIGQUIT) received, shutting down
2021/05/01 19:57:31 [notice] 22#22: gracefully shutting down
2021/05/01 19:57:31 [notice] 24#24: gracefully shutting down
2021/05/01 19:57:31 [notice] 23#23: gracefully shutting down
2021/05/01 19:57:31 [notice] 26#26: gracefully shutting down
2021/05/01 19:57:31 [notice] 25#25: gracefully shutting down
2021/05/01 19:57:31 [notice] 22#22: exiting
2021/05/01 19:57:31 [notice] 24#24: exiting
2021/05/01 19:57:31 [notice] 27#27: gracefully shutting down
2021/05/01 19:57:31 [notice] 26#26: exiting
2021/05/01 19:57:31 [notice] 25#25: exiting
2021/05/01 19:57:31 [notice] 27#27: exiting
2021/05/01 19:57:31 [notice] 23#23: exiting
2021/05/01 19:57:31 [notice] 22#22: exit
2021/05/01 19:57:31 [notice] 24#24: exit
2021/05/01 19:57:31 [notice] 25#25: exit
2021/05/01 19:57:31 [notice] 26#26: exit
2021/05/01 19:57:31 [notice] 23#23: exit
2021/05/01 19:57:31 [notice] 27#27: exit
2021/05/01 19:57:31 [notice] 29#29: gracefully shutting down
2021/05/01 19:57:31 [notice] 29#29: exiting
2021/05/01 19:57:31 [notice] 28#28: gracefully shutting down
2021/05/01 19:57:31 [notice] 29#29: exit
2021/05/01 19:57:31 [notice] 28#28: exiting
2021/05/01 19:57:31 [notice] 28#28: exit
2021/05/01 19:57:31 [notice] 1#1: signal 17 (SIGCHLD) received from 22
2021/05/01 19:57:31 [notice] 1#1: worker process 22 exited with code 0
2021/05/01 19:57:31 [notice] 1#1: worker process 27 exited with code 0
2021/05/01 19:57:31 [notice] 1#1: signal 29 (SIGIO) received
2021/05/01 19:57:31 [notice] 1#1: signal 17 (SIGCHLD) received from 27
2021/05/01 19:57:31 [notice] 1#1: worker process 24 exited with code 0
2021/05/01 19:57:31 [notice] 1#1: worker process 25 exited with code 0
2021/05/01 19:57:31 [notice] 1#1: worker process 26 exited with code 0
2021/05/01 19:57:31 [notice] 1#1: worker process 28 exited with code 0
2021/05/01 19:57:31 [notice] 1#1: worker process 29 exited with code 0
2021/05/01 19:57:31 [notice] 1#1: signal 29 (SIGIO) received
2021/05/01 19:57:31 [notice] 1#1: signal 17 (SIGCHLD) received from 28
2021/05/01 19:57:31 [notice] 1#1: signal 17 (SIGCHLD) received from 23
2021/05/01 19:57:31 [notice] 1#1: worker process 23 exited with code 0
2021/05/01 19:57:31 [notice] 1#1: exit
2021/05/01 19:58:33 [notice] 1#1: using the "epoll" event method
2021/05/01 19:58:33 [notice] 1#1: nginx/1.20.0
2021/05/01 19:58:33 [notice] 1#1: built by gcc 10.2.1 20201203 (Alpine 10.2.1_pre1) 
2021/05/01 19:58:33 [notice] 1#1: OS: Linux 5.8.0-50-generic
2021/05/01 19:58:33 [notice] 1#1: getrlimit(RLIMIT_NOFILE): 1048576:1048576
2021/05/01 19:58:33 [notice] 1#1: start worker processes
2021/05/01 19:58:33 [notice] 1#1: start worker process 22
2021/05/01 19:58:33 [notice] 1#1: start worker process 23
2021/05/01 19:58:33 [notice] 1#1: start worker process 24
2021/05/01 19:58:33 [notice] 1#1: start worker process 25
2021/05/01 19:58:33 [notice] 1#1: start worker process 26
2021/05/01 19:58:33 [notice] 1#1: start worker process 27
2021/05/01 19:58:33 [notice] 1#1: start worker process 28
2021/05/01 19:58:33 [notice] 1#1: start worker process 29
2021/05/01 19:59:54 [error] 22#22: *1 "/var/www/hello/index.php" is not found (2: No such file or directory), client: 172.19.0.1, server: hello.loc, request: "GET / HTTP/1.1", host: "hello.loc:8080"
2021/05/01 19:59:54 [error] 22#22: *1 open() "/var/www/hello/favicon.ico" failed (2: No such file or directory), client: 172.19.0.1, server: hello.loc, request: "GET /favicon.ico HTTP/1.1", host: "hello.loc:8080", referrer: "http://hello.loc:8080/"
2021/05/01 20:02:37 [notice] 1#1: signal 3 (SIGQUIT) received, shutting down
2021/05/01 20:02:37 [notice] 22#22: gracefully shutting down
2021/05/01 20:02:37 [notice] 23#23: gracefully shutting down
2021/05/01 20:02:37 [notice] 24#24: gracefully shutting down
2021/05/01 20:02:37 [notice] 22#22: exiting
2021/05/01 20:02:37 [notice] 23#23: exiting
2021/05/01 20:02:37 [notice] 25#25: gracefully shutting down
2021/05/01 20:02:37 [notice] 24#24: exiting
2021/05/01 20:02:37 [notice] 25#25: exiting
2021/05/01 20:02:37 [notice] 23#23: exit
2021/05/01 20:02:37 [notice] 22#22: exit
2021/05/01 20:02:37 [notice] 28#28: gracefully shutting down
2021/05/01 20:02:37 [notice] 27#27: gracefully shutting down
2021/05/01 20:02:37 [notice] 25#25: exit
2021/05/01 20:02:37 [notice] 24#24: exit
2021/05/01 20:02:37 [notice] 28#28: exiting
2021/05/01 20:02:37 [notice] 27#27: exiting
2021/05/01 20:02:37 [notice] 27#27: exit
2021/05/01 20:02:37 [notice] 28#28: exit
2021/05/01 20:02:37 [notice] 26#26: gracefully shutting down
2021/05/01 20:02:37 [notice] 26#26: exiting
2021/05/01 20:02:37 [notice] 26#26: exit
2021/05/01 20:02:37 [notice] 29#29: gracefully shutting down
2021/05/01 20:02:37 [notice] 29#29: exiting
2021/05/01 20:02:37 [notice] 29#29: exit
2021/05/01 20:02:38 [notice] 1#1: signal 17 (SIGCHLD) received from 28
2021/05/01 20:02:38 [notice] 1#1: worker process 22 exited with code 0
2021/05/01 20:02:38 [notice] 1#1: worker process 24 exited with code 0
2021/05/01 20:02:38 [notice] 1#1: worker process 25 exited with code 0
2021/05/01 20:02:38 [notice] 1#1: worker process 28 exited with code 0
2021/05/01 20:02:38 [notice] 1#1: worker process 29 exited with code 0
2021/05/01 20:02:38 [notice] 1#1: signal 29 (SIGIO) received
2021/05/01 20:02:38 [notice] 1#1: signal 17 (SIGCHLD) received from 29
2021/05/01 20:02:38 [notice] 1#1: signal 17 (SIGCHLD) received from 26
2021/05/01 20:02:38 [notice] 1#1: worker process 23 exited with code 0
2021/05/01 20:02:38 [notice] 1#1: worker process 26 exited with code 0
2021/05/01 20:02:38 [notice] 1#1: signal 29 (SIGIO) received
2021/05/01 20:02:38 [notice] 1#1: signal 17 (SIGCHLD) received from 27
2021/05/01 20:02:38 [notice] 1#1: worker process 27 exited with code 0
2021/05/01 20:02:38 [notice] 1#1: exit
2021/05/01 20:04:21 [notice] 1#1: using the "epoll" event method
2021/05/01 20:04:21 [notice] 1#1: nginx/1.20.0
2021/05/01 20:04:21 [notice] 1#1: built by gcc 10.2.1 20201203 (Alpine 10.2.1_pre1) 
2021/05/01 20:04:21 [notice] 1#1: OS: Linux 5.8.0-50-generic
2021/05/01 20:04:21 [notice] 1#1: getrlimit(RLIMIT_NOFILE): 1048576:1048576
2021/05/01 20:04:21 [notice] 1#1: start worker processes
2021/05/01 20:04:21 [notice] 1#1: start worker process 22
2021/05/01 20:04:21 [notice] 1#1: start worker process 23
2021/05/01 20:04:21 [notice] 1#1: start worker process 24
2021/05/01 20:04:21 [notice] 1#1: start worker process 25
2021/05/01 20:04:21 [notice] 1#1: start worker process 26
2021/05/01 20:04:21 [notice] 1#1: start worker process 27
2021/05/01 20:04:21 [notice] 1#1: start worker process 28
2021/05/01 20:04:21 [notice] 1#1: start worker process 29
2021/05/01 20:04:51 [error] 23#23: *1 "/var/www/hello/index.php" is not found (2: No such file or directory), client: 172.21.0.1, server: hello.loc, request: "GET / HTTP/1.1", host: "localhost:8000"
2021/05/01 20:04:51 [error] 23#23: *1 open() "/var/www/hello/favicon.ico" failed (2: No such file or directory), client: 172.21.0.1, server: hello.loc, request: "GET /favicon.ico HTTP/1.1", host: "localhost:8000", referrer: "http://localhost:8000/"
2021/05/01 20:06:06 [notice] 1#1: signal 3 (SIGQUIT) received, shutting down
2021/05/01 20:06:06 [notice] 22#22: gracefully shutting down
2021/05/01 20:06:06 [notice] 24#24: gracefully shutting down
2021/05/01 20:06:06 [notice] 23#23: gracefully shutting down
2021/05/01 20:06:06 [notice] 25#25: gracefully shutting down
2021/05/01 20:06:06 [notice] 26#26: gracefully shutting down
2021/05/01 20:06:06 [notice] 22#22: exiting
2021/05/01 20:06:06 [notice] 24#24: exiting
2021/05/01 20:06:06 [notice] 23#23: exiting
2021/05/01 20:06:06 [notice] 27#27: gracefully shutting down
2021/05/01 20:06:06 [notice] 25#25: exiting
2021/05/01 20:06:06 [notice] 26#26: exiting
2021/05/01 20:06:06 [notice] 27#27: exiting
2021/05/01 20:06:06 [notice] 22#22: exit
2021/05/01 20:06:06 [notice] 24#24: exit
2021/05/01 20:06:06 [notice] 23#23: exit
2021/05/01 20:06:06 [notice] 27#27: exit
2021/05/01 20:06:06 [notice] 26#26: exit
2021/05/01 20:06:06 [notice] 25#25: exit
2021/05/01 20:06:06 [notice] 28#28: gracefully shutting down
2021/05/01 20:06:06 [notice] 28#28: exiting
2021/05/01 20:06:06 [notice] 28#28: exit
2021/05/01 20:06:06 [notice] 29#29: gracefully shutting down
2021/05/01 20:06:06 [notice] 29#29: exiting
2021/05/01 20:06:06 [notice] 29#29: exit
2021/05/01 20:06:06 [notice] 1#1: signal 17 (SIGCHLD) received from 26
2021/05/01 20:06:06 [notice] 1#1: worker process 26 exited with code 0
2021/05/01 20:06:06 [notice] 1#1: signal 29 (SIGIO) received
2021/05/01 20:06:06 [notice] 1#1: signal 17 (SIGCHLD) received from 29
2021/05/01 20:06:06 [notice] 1#1: worker process 29 exited with code 0
2021/05/01 20:06:06 [notice] 1#1: signal 29 (SIGIO) received
2021/05/01 20:06:06 [notice] 1#1: signal 17 (SIGCHLD) received from 23
2021/05/01 20:06:06 [notice] 1#1: worker process 23 exited with code 0
2021/05/01 20:06:06 [notice] 1#1: signal 29 (SIGIO) received
2021/05/01 20:06:06 [notice] 1#1: signal 17 (SIGCHLD) received from 22
2021/05/01 20:06:06 [notice] 1#1: worker process 22 exited with code 0
2021/05/01 20:06:06 [notice] 1#1: worker process 24 exited with code 0
2021/05/01 20:06:06 [notice] 1#1: signal 29 (SIGIO) received
2021/05/01 20:06:06 [notice] 1#1: signal 17 (SIGCHLD) received from 27
2021/05/01 20:06:06 [notice] 1#1: worker process 27 exited with code 0
2021/05/01 20:06:06 [notice] 1#1: signal 29 (SIGIO) received
2021/05/01 20:06:06 [notice] 1#1: signal 17 (SIGCHLD) received from 25
2021/05/01 20:06:06 [notice] 1#1: worker process 25 exited with code 0
2021/05/01 20:06:06 [notice] 1#1: worker process 28 exited with code 0
2021/05/01 20:06:06 [notice] 1#1: exit
2021/05/01 20:13:26 [notice] 1#1: using the "epoll" event method
2021/05/01 20:13:26 [notice] 1#1: nginx/1.20.0
2021/05/01 20:13:26 [notice] 1#1: built by gcc 10.2.1 20201203 (Alpine 10.2.1_pre1) 
2021/05/01 20:13:26 [notice] 1#1: OS: Linux 5.8.0-50-generic
2021/05/01 20:13:26 [notice] 1#1: getrlimit(RLIMIT_NOFILE): 1048576:1048576
2021/05/01 20:13:26 [notice] 1#1: start worker processes
2021/05/01 20:13:26 [notice] 1#1: start worker process 22
2021/05/01 20:13:26 [notice] 1#1: start worker process 23
2021/05/01 20:13:26 [notice] 1#1: start worker process 24
2021/05/01 20:13:26 [notice] 1#1: start worker process 25
2021/05/01 20:13:26 [notice] 1#1: start worker process 26
2021/05/01 20:13:26 [notice] 1#1: start worker process 27
2021/05/01 20:13:26 [notice] 1#1: start worker process 28
2021/05/01 20:13:26 [notice] 1#1: start worker process 29
2021/05/01 20:13:33 [error] 23#23: *1 "/var/www/hello/index.php" is not found (2: No such file or directory), client: 172.22.0.1, server: hello.loc, request: "GET / HTTP/1.1", host: "localhost"
2021/05/01 20:13:41 [error] 23#23: *2 "/var/www/hello/index.php" is not found (2: No such file or directory), client: 172.22.0.1, server: hello.loc, request: "GET / HTTP/1.1", host: "hello.loc"
2021/05/01 20:13:48 [error] 23#23: *2 "/var/www/hello/index.php" is not found (2: No such file or directory), client: 172.22.0.1, server: hello.loc, request: "GET / HTTP/1.1", host: "hello.loc"
2021/05/01 20:14:07 [error] 23#23: *2 "/var/www/hello/index.php" is not found (2: No such file or directory), client: 172.22.0.1, server: hello.loc, request: "GET / HTTP/1.1", host: "hello.loc"
2021/05/01 20:14:22 [notice] 1#1: signal 3 (SIGQUIT) received, shutting down
2021/05/01 20:14:22 [notice] 22#22: gracefully shutting down
2021/05/01 20:14:22 [notice] 23#23: gracefully shutting down
2021/05/01 20:14:22 [notice] 24#24: gracefully shutting down
2021/05/01 20:14:22 [notice] 25#25: gracefully shutting down
2021/05/01 20:14:22 [notice] 26#26: gracefully shutting down
2021/05/01 20:14:22 [notice] 22#22: exiting
2021/05/01 20:14:22 [notice] 27#27: gracefully shutting down
2021/05/01 20:14:22 [notice] 24#24: exiting
2021/05/01 20:14:22 [notice] 25#25: exiting
2021/05/01 20:14:22 [notice] 26#26: exiting
2021/05/01 20:14:22 [notice] 27#27: exiting
2021/05/01 20:14:22 [notice] 23#23: exiting
2021/05/01 20:14:22 [notice] 27#27: exit
2021/05/01 20:14:22 [notice] 24#24: exit
2021/05/01 20:14:22 [notice] 25#25: exit
2021/05/01 20:14:22 [notice] 22#22: exit
2021/05/01 20:14:22 [notice] 26#26: exit
2021/05/01 20:14:22 [notice] 23#23: exit
2021/05/01 20:14:22 [notice] 28#28: gracefully shutting down
2021/05/01 20:14:22 [notice] 29#29: gracefully shutting down
2021/05/01 20:14:22 [notice] 28#28: exiting
2021/05/01 20:14:22 [notice] 29#29: exiting
2021/05/01 20:14:22 [notice] 28#28: exit
2021/05/01 20:14:22 [notice] 29#29: exit
2021/05/01 20:14:22 [notice] 1#1: signal 17 (SIGCHLD) received from 25
2021/05/01 20:14:22 [notice] 1#1: worker process 23 exited with code 0
2021/05/01 20:14:22 [notice] 1#1: worker process 24 exited with code 0
2021/05/01 20:14:22 [notice] 1#1: worker process 25 exited with code 0
2021/05/01 20:14:22 [notice] 1#1: worker process 26 exited with code 0
2021/05/01 20:14:22 [notice] 1#1: worker process 28 exited with code 0
2021/05/01 20:14:22 [notice] 1#1: signal 29 (SIGIO) received
2021/05/01 20:14:22 [notice] 1#1: signal 17 (SIGCHLD) received from 24
2021/05/01 20:14:22 [notice] 1#1: worker process 27 exited with code 0
2021/05/01 20:14:22 [notice] 1#1: signal 29 (SIGIO) received
2021/05/01 20:14:22 [notice] 1#1: signal 17 (SIGCHLD) received from 27
2021/05/01 20:14:22 [notice] 1#1: signal 17 (SIGCHLD) received from 29
2021/05/01 20:14:22 [notice] 1#1: worker process 22 exited with code 0
2021/05/01 20:14:22 [notice] 1#1: worker process 29 exited with code 0
2021/05/01 20:14:22 [notice] 1#1: exit
2021/05/01 20:15:17 [notice] 1#1: using the "epoll" event method
2021/05/01 20:15:17 [notice] 1#1: nginx/1.20.0
2021/05/01 20:15:17 [notice] 1#1: built by gcc 10.2.1 20201203 (Alpine 10.2.1_pre1) 
2021/05/01 20:15:17 [notice] 1#1: OS: Linux 5.8.0-50-generic
2021/05/01 20:15:17 [notice] 1#1: getrlimit(RLIMIT_NOFILE): 1048576:1048576
2021/05/01 20:15:17 [notice] 1#1: start worker processes
2021/05/01 20:15:17 [notice] 1#1: start worker process 22
2021/05/01 20:15:17 [notice] 1#1: start worker process 23
2021/05/01 20:15:17 [notice] 1#1: start worker process 24
2021/05/01 20:15:17 [notice] 1#1: start worker process 25
2021/05/01 20:15:17 [notice] 1#1: start worker process 26
2021/05/01 20:15:17 [notice] 1#1: start worker process 27
2021/05/01 20:15:17 [notice] 1#1: start worker process 28
2021/05/01 20:15:17 [notice] 1#1: start worker process 29
2021/05/01 20:16:02 [error] 23#23: *1 "/var/www/hello/index.php" is not found (2: No such file or directory), client: 172.23.0.1, server: hello.loc, request: "GET / HTTP/1.1", host: "pc"
2021/05/01 20:16:02 [error] 23#23: *1 open() "/var/www/hello/favicon.ico" failed (2: No such file or directory), client: 172.23.0.1, server: hello.loc, request: "GET /favicon.ico HTTP/1.1", host: "pc", referrer: "http://pc/"
2021/05/01 20:16:36 [error] 23#23: *2 "/var/www/hello/index.php" is not found (2: No such file or directory), client: 172.23.0.1, server: hello.loc, request: "GET / HTTP/1.1", host: "127.0.0.1"
2021/05/01 20:18:38 [error] 23#23: *3 "/var/www/hello/index.php" is not found (2: No such file or directory), client: 172.23.0.1, server: hello.loc, request: "GET / HTTP/1.1", host: "0.0.0.0"
2021/05/01 20:18:38 [error] 23#23: *3 open() "/var/www/hello/favicon.ico" failed (2: No such file or directory), client: 172.23.0.1, server: hello.loc, request: "GET /favicon.ico HTTP/1.1", host: "0.0.0.0", referrer: "http://0.0.0.0/"
2021/05/01 20:25:22 [notice] 1#1: signal 3 (SIGQUIT) received, shutting down
2021/05/01 20:25:22 [notice] 22#22: gracefully shutting down
2021/05/01 20:25:22 [notice] 24#24: gracefully shutting down
2021/05/01 20:25:22 [notice] 23#23: gracefully shutting down
2021/05/01 20:25:22 [notice] 25#25: gracefully shutting down
2021/05/01 20:25:22 [notice] 26#26: gracefully shutting down
2021/05/01 20:25:22 [notice] 27#27: gracefully shutting down
2021/05/01 20:25:22 [notice] 22#22: exiting
2021/05/01 20:25:22 [notice] 24#24: exiting
2021/05/01 20:25:22 [notice] 28#28: gracefully shutting down
2021/05/01 20:25:22 [notice] 23#23: exiting
2021/05/01 20:25:22 [notice] 25#25: exiting
2021/05/01 20:25:22 [notice] 26#26: exiting
2021/05/01 20:25:22 [notice] 27#27: exiting
2021/05/01 20:25:22 [notice] 28#28: exiting
2021/05/01 20:25:22 [notice] 24#24: exit
2021/05/01 20:25:22 [notice] 23#23: exit
2021/05/01 20:25:22 [notice] 22#22: exit
2021/05/01 20:25:22 [notice] 25#25: exit
2021/05/01 20:25:22 [notice] 27#27: exit
2021/05/01 20:25:22 [notice] 28#28: exit
2021/05/01 20:25:22 [notice] 26#26: exit
2021/05/01 20:25:22 [notice] 29#29: gracefully shutting down
2021/05/01 20:25:22 [notice] 29#29: exiting
2021/05/01 20:25:22 [notice] 29#29: exit
2021/05/01 20:25:22 [notice] 1#1: signal 17 (SIGCHLD) received from 28
2021/05/01 20:25:22 [notice] 1#1: worker process 22 exited with code 0
2021/05/01 20:25:22 [notice] 1#1: worker process 23 exited with code 0
2021/05/01 20:25:22 [notice] 1#1: worker process 24 exited with code 0
2021/05/01 20:25:22 [notice] 1#1: worker process 27 exited with code 0
2021/05/01 20:25:22 [notice] 1#1: worker process 28 exited with code 0
2021/05/01 20:25:22 [notice] 1#1: worker process 29 exited with code 0
2021/05/01 20:25:22 [notice] 1#1: signal 29 (SIGIO) received
2021/05/01 20:25:22 [notice] 1#1: signal 17 (SIGCHLD) received from 27
2021/05/01 20:25:22 [notice] 1#1: worker process 25 exited with code 0
2021/05/01 20:25:22 [notice] 1#1: signal 29 (SIGIO) received
2021/05/01 20:25:22 [notice] 1#1: signal 17 (SIGCHLD) received from 26
2021/05/01 20:25:22 [notice] 1#1: worker process 26 exited with code 0
2021/05/01 20:25:22 [notice] 1#1: exit
2021/05/01 20:25:59 [notice] 1#1: using the "epoll" event method
2021/05/01 20:25:59 [notice] 1#1: nginx/1.20.0
2021/05/01 20:25:59 [notice] 1#1: built by gcc 10.2.1 20201203 (Alpine 10.2.1_pre1) 
2021/05/01 20:25:59 [notice] 1#1: OS: Linux 5.8.0-50-generic
2021/05/01 20:25:59 [notice] 1#1: getrlimit(RLIMIT_NOFILE): 1048576:1048576
2021/05/01 20:25:59 [notice] 1#1: start worker processes
2021/05/01 20:25:59 [notice] 1#1: start worker process 22
2021/05/01 20:25:59 [notice] 1#1: start worker process 23
2021/05/01 20:25:59 [notice] 1#1: start worker process 24
2021/05/01 20:25:59 [notice] 1#1: start worker process 25
2021/05/01 20:25:59 [notice] 1#1: start worker process 26
2021/05/01 20:25:59 [notice] 1#1: start worker process 27
2021/05/01 20:25:59 [notice] 1#1: start worker process 28
2021/05/01 20:25:59 [notice] 1#1: start worker process 29
2021/05/01 20:26:19 [error] 23#23: *1 "/var/www/hello/index.php" is not found (2: No such file or directory), client: 172.24.0.1, server: hello.loc, request: "GET / HTTP/1.1", host: "localhost"
2021/05/01 20:26:22 [notice] 1#1: signal 3 (SIGQUIT) received, shutting down
2021/05/01 20:26:22 [notice] 22#22: gracefully shutting down
2021/05/01 20:26:22 [notice] 23#23: gracefully shutting down
2021/05/01 20:26:22 [notice] 24#24: gracefully shutting down
2021/05/01 20:26:22 [notice] 25#25: gracefully shutting down
2021/05/01 20:26:22 [notice] 26#26: gracefully shutting down
2021/05/01 20:26:22 [notice] 22#22: exiting
2021/05/01 20:26:22 [notice] 27#27: gracefully shutting down
2021/05/01 20:26:22 [notice] 24#24: exiting
2021/05/01 20:26:22 [notice] 25#25: exiting
2021/05/01 20:26:22 [notice] 26#26: exiting
2021/05/01 20:26:22 [notice] 27#27: exiting
2021/05/01 20:26:22 [notice] 23#23: exiting
2021/05/01 20:26:22 [notice] 24#24: exit
2021/05/01 20:26:22 [notice] 27#27: exit
2021/05/01 20:26:22 [notice] 22#22: exit
2021/05/01 20:26:22 [notice] 23#23: exit
2021/05/01 20:26:22 [notice] 25#25: exit
2021/05/01 20:26:22 [notice] 26#26: exit
2021/05/01 20:26:22 [notice] 29#29: gracefully shutting down
2021/05/01 20:26:22 [notice] 29#29: exiting
2021/05/01 20:26:22 [notice] 28#28: gracefully shutting down
2021/05/01 20:26:22 [notice] 29#29: exit
2021/05/01 20:26:22 [notice] 28#28: exiting
2021/05/01 20:26:22 [notice] 28#28: exit
2021/05/01 20:26:23 [notice] 1#1: signal 17 (SIGCHLD) received from 27
2021/05/01 20:26:23 [notice] 1#1: worker process 22 exited with code 0
2021/05/01 20:26:23 [notice] 1#1: worker process 23 exited with code 0
2021/05/01 20:26:23 [notice] 1#1: worker process 24 exited with code 0
2021/05/01 20:26:23 [notice] 1#1: worker process 25 exited with code 0
2021/05/01 20:26:23 [notice] 1#1: worker process 27 exited with code 0
2021/05/01 20:26:23 [notice] 1#1: worker process 28 exited with code 0
2021/05/01 20:26:23 [notice] 1#1: signal 29 (SIGIO) received
2021/05/01 20:26:23 [notice] 1#1: signal 17 (SIGCHLD) received from 23
2021/05/01 20:26:23 [notice] 1#1: signal 17 (SIGCHLD) received from 29
2021/05/01 20:26:23 [notice] 1#1: worker process 26 exited with code 0
2021/05/01 20:26:23 [notice] 1#1: worker process 29 exited with code 0
2021/05/01 20:26:23 [notice] 1#1: exit
2021/05/01 20:27:01 [notice] 1#1: using the "epoll" event method
2021/05/01 20:27:01 [notice] 1#1: nginx/1.20.0
2021/05/01 20:27:01 [notice] 1#1: built by gcc 10.2.1 20201203 (Alpine 10.2.1_pre1) 
2021/05/01 20:27:01 [notice] 1#1: OS: Linux 5.8.0-50-generic
2021/05/01 20:27:01 [notice] 1#1: getrlimit(RLIMIT_NOFILE): 1048576:1048576
2021/05/01 20:27:01 [notice] 1#1: start worker processes
2021/05/01 20:27:01 [notice] 1#1: start worker process 22
2021/05/01 20:27:01 [notice] 1#1: start worker process 23
2021/05/01 20:27:01 [notice] 1#1: start worker process 24
2021/05/01 20:27:01 [notice] 1#1: start worker process 25
2021/05/01 20:27:01 [notice] 1#1: start worker process 26
2021/05/01 20:27:01 [notice] 1#1: start worker process 27
2021/05/01 20:27:01 [notice] 1#1: start worker process 28
2021/05/01 20:27:01 [notice] 1#1: start worker process 29
2021/05/01 20:27:11 [error] 22#22: *1 "/var/www/hello/index.php" is not found (2: No such file or directory), client: 172.25.0.1, server: hello.loc, request: "GET / HTTP/1.1", host: "127.0.0.1"
2021/05/01 20:27:14 [notice] 1#1: signal 3 (SIGQUIT) received, shutting down
2021/05/01 20:27:14 [notice] 22#22: gracefully shutting down
2021/05/01 20:27:14 [notice] 23#23: gracefully shutting down
2021/05/01 20:27:14 [notice] 24#24: gracefully shutting down
2021/05/01 20:27:14 [notice] 25#25: gracefully shutting down
2021/05/01 20:27:14 [notice] 26#26: gracefully shutting down
2021/05/01 20:27:14 [notice] 23#23: exiting
2021/05/01 20:27:14 [notice] 29#29: gracefully shutting down
2021/05/01 20:27:14 [notice] 24#24: exiting
2021/05/01 20:27:14 [notice] 25#25: exiting
2021/05/01 20:27:14 [notice] 26#26: exiting
2021/05/01 20:27:14 [notice] 22#22: exiting
2021/05/01 20:27:14 [notice] 29#29: exiting
2021/05/01 20:27:14 [notice] 23#23: exit
2021/05/01 20:27:14 [notice] 24#24: exit
2021/05/01 20:27:14 [notice] 26#26: exit
2021/05/01 20:27:14 [notice] 29#29: exit
2021/05/01 20:27:14 [notice] 25#25: exit
2021/05/01 20:27:14 [notice] 22#22: exit
2021/05/01 20:27:14 [notice] 27#27: gracefully shutting down
2021/05/01 20:27:14 [notice] 27#27: exiting
2021/05/01 20:27:14 [notice] 27#27: exit
2021/05/01 20:27:14 [notice] 28#28: gracefully shutting down
2021/05/01 20:27:14 [notice] 28#28: exiting
2021/05/01 20:27:14 [notice] 28#28: exit
2021/05/01 20:27:14 [notice] 1#1: signal 17 (SIGCHLD) received from 22
2021/05/01 20:27:14 [notice] 1#1: worker process 22 exited with code 0
2021/05/01 20:27:14 [notice] 1#1: worker process 23 exited with code 0
2021/05/01 20:27:14 [notice] 1#1: worker process 24 exited with code 0
2021/05/01 20:27:14 [notice] 1#1: worker process 25 exited with code 0
2021/05/01 20:27:14 [notice] 1#1: worker process 27 exited with code 0
2021/05/01 20:27:14 [notice] 1#1: worker process 28 exited with code 0
2021/05/01 20:27:14 [notice] 1#1: worker process 29 exited with code 0
2021/05/01 20:27:14 [notice] 1#1: signal 29 (SIGIO) received
2021/05/01 20:27:14 [notice] 1#1: signal 17 (SIGCHLD) received from 23
2021/05/01 20:27:14 [notice] 1#1: worker process 26 exited with code 0
2021/05/01 20:27:14 [notice] 1#1: exit
2021/05/01 20:28:03 [notice] 1#1: using the "epoll" event method
2021/05/01 20:28:03 [notice] 1#1: nginx/1.20.0
2021/05/01 20:28:03 [notice] 1#1: built by gcc 10.2.1 20201203 (Alpine 10.2.1_pre1) 
2021/05/01 20:28:03 [notice] 1#1: OS: Linux 5.8.0-50-generic
2021/05/01 20:28:03 [notice] 1#1: getrlimit(RLIMIT_NOFILE): 1048576:1048576
2021/05/01 20:28:03 [notice] 1#1: start worker processes
2021/05/01 20:28:03 [notice] 1#1: start worker process 22
2021/05/01 20:28:03 [notice] 1#1: start worker process 23
2021/05/01 20:28:03 [notice] 1#1: start worker process 24
2021/05/01 20:28:03 [notice] 1#1: start worker process 25
2021/05/01 20:28:03 [notice] 1#1: start worker process 26
2021/05/01 20:28:03 [notice] 1#1: start worker process 27
2021/05/01 20:28:03 [notice] 1#1: start worker process 28
2021/05/01 20:28:03 [notice] 1#1: start worker process 29
2021/05/01 20:28:13 [error] 23#23: *1 "/var/www/hello/index.php" is not found (2: No such file or directory), client: 172.26.0.1, server: hello.loc, request: "GET / HTTP/1.1", host: "127.0.0.1"
2021/05/01 20:28:23 [error] 23#23: *1 "/var/www/hello/index.php" is not found (2: No such file or directory), client: 172.26.0.1, server: hello.loc, request: "GET / HTTP/1.1", host: "127.0.0.1"
2021/05/01 20:28:25 [error] 23#23: *1 "/var/www/hello/index.php" is not found (2: No such file or directory), client: 172.26.0.1, server: hello.loc, request: "GET / HTTP/1.1", host: "127.0.0.1"
2021/05/01 20:28:26 [error] 23#23: *1 "/var/www/hello/index.php" is not found (2: No such file or directory), client: 172.26.0.1, server: hello.loc, request: "GET / HTTP/1.1", host: "127.0.0.1"
2021/05/01 20:28:42 [error] 23#23: *1 "/var/www/hello/index.php" is not found (2: No such file or directory), client: 172.26.0.1, server: hello.loc, request: "GET / HTTP/1.1", host: "127.0.0.1"
2021/05/01 20:28:43 [error] 23#23: *1 "/var/www/hello/index.php" is not found (2: No such file or directory), client: 172.26.0.1, server: hello.loc, request: "GET / HTTP/1.1", host: "127.0.0.1"
2021/05/01 20:28:48 [notice] 1#1: signal 3 (SIGQUIT) received, shutting down
2021/05/01 20:28:48 [notice] 23#23: gracefully shutting down
2021/05/01 20:28:48 [notice] 22#22: gracefully shutting down
2021/05/01 20:28:48 [notice] 24#24: gracefully shutting down
2021/05/01 20:28:48 [notice] 25#25: gracefully shutting down
2021/05/01 20:28:48 [notice] 26#26: gracefully shutting down
2021/05/01 20:28:48 [notice] 22#22: exiting
2021/05/01 20:28:48 [notice] 28#28: gracefully shutting down
2021/05/01 20:28:48 [notice] 24#24: exiting
2021/05/01 20:28:48 [notice] 25#25: exiting
2021/05/01 20:28:48 [notice] 26#26: exiting
2021/05/01 20:28:48 [notice] 28#28: exiting
2021/05/01 20:28:48 [notice] 23#23: exiting
2021/05/01 20:28:48 [notice] 25#25: exit
2021/05/01 20:28:48 [notice] 22#22: exit
2021/05/01 20:28:48 [notice] 28#28: exit
2021/05/01 20:28:48 [notice] 24#24: exit
2021/05/01 20:28:48 [notice] 26#26: exit
2021/05/01 20:28:48 [notice] 23#23: exit
2021/05/01 20:28:48 [notice] 27#27: gracefully shutting down
2021/05/01 20:28:48 [notice] 27#27: exiting
2021/05/01 20:28:48 [notice] 27#27: exit
2021/05/01 20:28:48 [notice] 29#29: gracefully shutting down
2021/05/01 20:28:48 [notice] 29#29: exiting
2021/05/01 20:28:48 [notice] 29#29: exit
2021/05/01 20:28:48 [notice] 1#1: signal 17 (SIGCHLD) received from 22
2021/05/01 20:28:48 [notice] 1#1: worker process 22 exited with code 0
2021/05/01 20:28:48 [notice] 1#1: worker process 23 exited with code 0
2021/05/01 20:28:48 [notice] 1#1: worker process 25 exited with code 0
2021/05/01 20:28:48 [notice] 1#1: worker process 26 exited with code 0
2021/05/01 20:28:48 [notice] 1#1: worker process 27 exited with code 0
2021/05/01 20:28:48 [notice] 1#1: signal 29 (SIGIO) received
2021/05/01 20:28:48 [notice] 1#1: signal 17 (SIGCHLD) received from 24
2021/05/01 20:28:48 [notice] 1#1: worker process 24 exited with code 0
2021/05/01 20:28:48 [notice] 1#1: signal 29 (SIGIO) received
2021/05/01 20:28:48 [notice] 1#1: signal 17 (SIGCHLD) received from 29
2021/05/01 20:28:48 [notice] 1#1: worker process 28 exited with code 0
2021/05/01 20:28:48 [notice] 1#1: worker process 29 exited with code 0
2021/05/01 20:28:48 [notice] 1#1: exit
2021/05/01 20:29:21 [notice] 1#1: using the "epoll" event method
2021/05/01 20:29:21 [notice] 1#1: nginx/1.20.0
2021/05/01 20:29:21 [notice] 1#1: built by gcc 10.2.1 20201203 (Alpine 10.2.1_pre1) 
2021/05/01 20:29:21 [notice] 1#1: OS: Linux 5.8.0-50-generic
2021/05/01 20:29:21 [notice] 1#1: getrlimit(RLIMIT_NOFILE): 1048576:1048576
2021/05/01 20:29:21 [notice] 1#1: start worker processes
2021/05/01 20:29:21 [notice] 1#1: start worker process 22
2021/05/01 20:29:21 [notice] 1#1: start worker process 23
2021/05/01 20:29:21 [notice] 1#1: start worker process 24
2021/05/01 20:29:21 [notice] 1#1: start worker process 25
2021/05/01 20:29:21 [notice] 1#1: start worker process 26
2021/05/01 20:29:21 [notice] 1#1: start worker process 27
2021/05/01 20:29:21 [notice] 1#1: start worker process 28
2021/05/01 20:29:21 [notice] 1#1: start worker process 29
2021/05/01 20:33:02 [error] 22#22: *1 "/var/www/hello/index.php" is not found (2: No such file or directory), client: 172.27.0.1, server: hello.loc, request: "GET / HTTP/1.1", host: "127.0.0.1"
2021/05/01 20:33:33 [error] 22#22: *1 "/var/www/hello/index.php" is not found (2: No such file or directory), client: 172.27.0.1, server: hello.loc, request: "GET / HTTP/1.1", host: "127.0.0.1"
2021/05/01 20:33:42 [error] 22#22: *1 open() "/var/www/hello/index.html" failed (2: No such file or directory), client: 172.27.0.1, server: hello.loc, request: "GET /index.html HTTP/1.1", host: "127.0.0.1"
2021/05/01 20:34:15 [error] 22#22: *1 "/var/www/hello/index.php" is not found (2: No such file or directory), client: 172.27.0.1, server: hello.loc, request: "GET / HTTP/1.1", host: "127.0.0.1"
2021/05/01 20:34:19 [notice] 1#1: signal 3 (SIGQUIT) received, shutting down
2021/05/01 20:34:19 [notice] 22#22: gracefully shutting down
2021/05/01 20:34:19 [notice] 24#24: gracefully shutting down
2021/05/01 20:34:19 [notice] 25#25: gracefully shutting down
2021/05/01 20:34:19 [notice] 23#23: gracefully shutting down
2021/05/01 20:34:19 [notice] 26#26: gracefully shutting down
2021/05/01 20:34:19 [notice] 24#24: exiting
2021/05/01 20:34:19 [notice] 29#29: gracefully shutting down
2021/05/01 20:34:19 [notice] 25#25: exiting
2021/05/01 20:34:19 [notice] 23#23: exiting
2021/05/01 20:34:19 [notice] 26#26: exiting
2021/05/01 20:34:19 [notice] 22#22: exiting
2021/05/01 20:34:19 [notice] 29#29: exiting
2021/05/01 20:34:19 [notice] 22#22: exit
2021/05/01 20:34:19 [notice] 25#25: exit
2021/05/01 20:34:19 [notice] 29#29: exit
2021/05/01 20:34:19 [notice] 26#26: exit
2021/05/01 20:34:19 [notice] 23#23: exit
2021/05/01 20:34:19 [notice] 24#24: exit
2021/05/01 20:34:19 [notice] 28#28: gracefully shutting down
2021/05/01 20:34:19 [notice] 28#28: exiting
2021/05/01 20:34:19 [notice] 27#27: gracefully shutting down
2021/05/01 20:34:19 [notice] 27#27: exiting
2021/05/01 20:34:19 [notice] 28#28: exit
2021/05/01 20:34:19 [notice] 27#27: exit
2021/05/01 20:34:19 [notice] 1#1: signal 17 (SIGCHLD) received from 24
2021/05/01 20:34:19 [notice] 1#1: worker process 22 exited with code 0
2021/05/01 20:34:19 [notice] 1#1: worker process 23 exited with code 0
2021/05/01 20:34:19 [notice] 1#1: worker process 24 exited with code 0
2021/05/01 20:34:19 [notice] 1#1: worker process 25 exited with code 0
2021/05/01 20:34:19 [notice] 1#1: worker process 26 exited with code 0
2021/05/01 20:34:19 [notice] 1#1: worker process 27 exited with code 0
2021/05/01 20:34:19 [notice] 1#1: worker process 29 exited with code 0
2021/05/01 20:34:19 [notice] 1#1: signal 29 (SIGIO) received
2021/05/01 20:34:19 [notice] 1#1: signal 17 (SIGCHLD) received from 23
2021/05/01 20:34:19 [notice] 1#1: signal 17 (SIGCHLD) received from 28
2021/05/01 20:34:19 [notice] 1#1: worker process 28 exited with code 0
2021/05/01 20:34:19 [notice] 1#1: exit
2021/05/01 20:36:17 [notice] 1#1: using the "epoll" event method
2021/05/01 20:36:17 [notice] 1#1: nginx/1.20.0
2021/05/01 20:36:17 [notice] 1#1: built by gcc 10.2.1 20201203 (Alpine 10.2.1_pre1) 
2021/05/01 20:36:17 [notice] 1#1: OS: Linux 5.8.0-50-generic
2021/05/01 20:36:17 [notice] 1#1: getrlimit(RLIMIT_NOFILE): 1048576:1048576
2021/05/01 20:36:17 [notice] 1#1: start worker processes
2021/05/01 20:36:17 [notice] 1#1: start worker process 22
2021/05/01 20:36:17 [notice] 1#1: start worker process 23
2021/05/01 20:36:17 [notice] 1#1: start worker process 24
2021/05/01 20:36:17 [notice] 1#1: start worker process 25
2021/05/01 20:36:17 [notice] 1#1: start worker process 26
2021/05/01 20:36:17 [notice] 1#1: start worker process 27
2021/05/01 20:36:17 [notice] 1#1: start worker process 28
2021/05/01 20:36:17 [notice] 1#1: start worker process 29
2021/05/01 20:37:05 [error] 23#23: *1 "/var/www/hello/index.php" is not found (2: No such file or directory), client: 172.28.0.1, server: hello.loc, request: "GET / HTTP/1.1", host: "127.0.0.1:8000"
2021/05/01 20:37:05 [error] 23#23: *1 open() "/var/www/hello/favicon.ico" failed (2: No such file or directory), client: 172.28.0.1, server: hello.loc, request: "GET /favicon.ico HTTP/1.1", host: "127.0.0.1:8000", referrer: "http://127.0.0.1:8000/"
2021/05/01 20:45:45 [error] 23#23: *3 "/var/www/hello/index.php" is not found (2: No such file or directory), client: 172.28.0.1, server: hello.loc, request: "GET / HTTP/1.1", host: "127.0.0.1:8000"
2021/05/01 20:48:05 [notice] 1#1: signal 3 (SIGQUIT) received, shutting down
2021/05/01 20:48:05 [notice] 22#22: gracefully shutting down
2021/05/01 20:48:05 [notice] 23#23: gracefully shutting down
2021/05/01 20:48:05 [notice] 24#24: gracefully shutting down
2021/05/01 20:48:05 [notice] 25#25: gracefully shutting down
2021/05/01 20:48:05 [notice] 26#26: gracefully shutting down
2021/05/01 20:48:05 [notice] 22#22: exiting
2021/05/01 20:48:05 [notice] 23#23: exiting
2021/05/01 20:48:05 [notice] 28#28: gracefully shutting down
2021/05/01 20:48:05 [notice] 24#24: exiting
2021/05/01 20:48:05 [notice] 25#25: exiting
2021/05/01 20:48:05 [notice] 26#26: exiting
2021/05/01 20:48:05 [notice] 28#28: exiting
2021/05/01 20:48:05 [notice] 25#25: exit
2021/05/01 20:48:05 [notice] 22#22: exit
2021/05/01 20:48:05 [notice] 23#23: exit
2021/05/01 20:48:05 [notice] 24#24: exit
2021/05/01 20:48:05 [notice] 28#28: exit
2021/05/01 20:48:05 [notice] 26#26: exit
2021/05/01 20:48:05 [notice] 27#27: gracefully shutting down
2021/05/01 20:48:05 [notice] 27#27: exiting
2021/05/01 20:48:05 [notice] 27#27: exit
2021/05/01 20:48:05 [notice] 29#29: gracefully shutting down
2021/05/01 20:48:05 [notice] 29#29: exiting
2021/05/01 20:48:05 [notice] 29#29: exit
2021/05/01 20:48:05 [notice] 1#1: signal 17 (SIGCHLD) received from 25
2021/05/01 20:48:05 [notice] 1#1: worker process 23 exited with code 0
2021/05/01 20:48:05 [notice] 1#1: worker process 25 exited with code 0
2021/05/01 20:48:05 [notice] 1#1: worker process 26 exited with code 0
2021/05/01 20:48:05 [notice] 1#1: signal 29 (SIGIO) received
2021/05/01 20:48:05 [notice] 1#1: signal 17 (SIGCHLD) received from 28
2021/05/01 20:48:05 [notice] 1#1: worker process 24 exited with code 0
2021/05/01 20:48:05 [notice] 1#1: worker process 22 exited with code 0
2021/05/01 20:48:05 [notice] 1#1: worker process 27 exited with code 0
2021/05/01 20:48:05 [notice] 1#1: worker process 28 exited with code 0
2021/05/01 20:48:05 [notice] 1#1: signal 29 (SIGIO) received
2021/05/01 20:48:05 [notice] 1#1: signal 17 (SIGCHLD) received from 24
2021/05/01 20:48:05 [notice] 1#1: signal 17 (SIGCHLD) received from 29
2021/05/01 20:48:05 [notice] 1#1: worker process 29 exited with code 0
2021/05/01 20:48:05 [notice] 1#1: exit
2021/05/01 20:48:18 [notice] 1#1: using the "epoll" event method
2021/05/01 20:48:18 [notice] 1#1: nginx/1.20.0
2021/05/01 20:48:18 [notice] 1#1: built by gcc 10.2.1 20201203 (Alpine 10.2.1_pre1) 
2021/05/01 20:48:18 [notice] 1#1: OS: Linux 5.8.0-50-generic
2021/05/01 20:48:18 [notice] 1#1: getrlimit(RLIMIT_NOFILE): 1048576:1048576
2021/05/01 20:48:18 [notice] 1#1: start worker processes
2021/05/01 20:48:18 [notice] 1#1: start worker process 22
2021/05/01 20:48:18 [notice] 1#1: start worker process 23
2021/05/01 20:48:18 [notice] 1#1: start worker process 24
2021/05/01 20:48:18 [notice] 1#1: start worker process 25
2021/05/01 20:48:18 [notice] 1#1: start worker process 26
2021/05/01 20:48:18 [notice] 1#1: start worker process 27
2021/05/01 20:48:18 [notice] 1#1: start worker process 28
2021/05/01 20:48:18 [notice] 1#1: start worker process 29
2021/05/01 20:48:25 [error] 22#22: *1 open() "/var/www/favicon.ico" failed (2: No such file or directory), client: 172.29.0.1, server: hello.loc, request: "GET /favicon.ico HTTP/1.1", host: "127.0.0.1:8000", referrer: "http://127.0.0.1:8000/"
2021/05/01 20:52:22 [notice] 1#1: signal 3 (SIGQUIT) received, shutting down
2021/05/01 20:52:22 [notice] 22#22: gracefully shutting down
2021/05/01 20:52:22 [notice] 25#25: gracefully shutting down
2021/05/01 20:52:22 [notice] 23#23: gracefully shutting down
2021/05/01 20:52:22 [notice] 24#24: gracefully shutting down
2021/05/01 20:52:22 [notice] 26#26: gracefully shutting down
2021/05/01 20:52:22 [notice] 22#22: exiting
2021/05/01 20:52:22 [notice] 25#25: exiting
2021/05/01 20:52:22 [notice] 23#23: exiting
2021/05/01 20:52:22 [notice] 27#27: gracefully shutting down
2021/05/01 20:52:22 [notice] 26#26: exiting
2021/05/01 20:52:22 [notice] 24#24: exiting
2021/05/01 20:52:22 [notice] 27#27: exiting
2021/05/01 20:52:22 [notice] 26#26: exit
2021/05/01 20:52:22 [notice] 25#25: exit
2021/05/01 20:52:22 [notice] 23#23: exit
2021/05/01 20:52:22 [notice] 27#27: exit
2021/05/01 20:52:22 [notice] 22#22: exit
2021/05/01 20:52:22 [notice] 24#24: exit
2021/05/01 20:52:22 [notice] 28#28: gracefully shutting down
2021/05/01 20:52:22 [notice] 28#28: exiting
2021/05/01 20:52:22 [notice] 28#28: exit
2021/05/01 20:52:22 [notice] 29#29: gracefully shutting down
2021/05/01 20:52:22 [notice] 29#29: exiting
2021/05/01 20:52:22 [notice] 29#29: exit
2021/05/01 20:52:22 [notice] 1#1: signal 17 (SIGCHLD) received from 22
2021/05/01 20:52:22 [notice] 1#1: worker process 22 exited with code 0
2021/05/01 20:52:22 [notice] 1#1: worker process 24 exited with code 0
2021/05/01 20:52:22 [notice] 1#1: worker process 27 exited with code 0
2021/05/01 20:52:22 [notice] 1#1: worker process 28 exited with code 0
2021/05/01 20:52:22 [notice] 1#1: worker process 29 exited with code 0
2021/05/01 20:52:22 [notice] 1#1: signal 29 (SIGIO) received
2021/05/01 20:52:22 [notice] 1#1: signal 17 (SIGCHLD) received from 24
2021/05/01 20:52:22 [notice] 1#1: signal 17 (SIGCHLD) received from 23
2021/05/01 20:52:22 [notice] 1#1: worker process 23 exited with code 0
2021/05/01 20:52:22 [notice] 1#1: worker process 26 exited with code 0
2021/05/01 20:52:22 [notice] 1#1: signal 29 (SIGIO) received
2021/05/01 20:52:22 [notice] 1#1: signal 17 (SIGCHLD) received from 26
2021/05/01 20:52:22 [notice] 1#1: signal 17 (SIGCHLD) received from 25
2021/05/01 20:52:22 [notice] 1#1: worker process 25 exited with code 0
2021/05/01 20:52:22 [notice] 1#1: exit
